<?xml version="1.0" encoding="UTF-8"?>
<!-- Generated by org.testng.reporters.JUnitXMLReporter -->
<testsuite hostname="DESKTOP-H1I3MSV" ignored="23" name="Test1" tests="9" failures="2" timestamp="24 Sep 2020 13:09:19 GMT" time="313.329" errors="0">
  <testcase name="registerTestValid" time="26.084" classname="com.easemytrip.pomrunner.RegisterTest"/>
  <testcase name="registerTestValid" time="31.139" classname="com.easemytrip.pomrunner.RegisterTest"/>
  <testcase name="registerTestInvalid" time="27.734" classname="com.easemytrip.pomrunner.RegisterTest"/>
  <testcase name="registerTestInvalid" time="61.555" classname="com.easemytrip.pomrunner.RegisterTest">
    <failure type="org.openqa.selenium.ElementNotInteractableException" message="element not interactable
  (Session info: chrome=85.0.4183.102)
Build info: version: &amp;apos;3.141.59&amp;apos;, revision: &amp;apos;e82be7d358&amp;apos;, time: &amp;apos;2018-11-14T08:17:03&amp;apos;
System info: host: &amp;apos;DESKTOP-H1I3MSV&amp;apos;, ip: &amp;apos;192.168.100.5&amp;apos;, os.name: &amp;apos;Windows 10&amp;apos;, os.arch: &amp;apos;amd64&amp;apos;, os.version: &amp;apos;10.0&amp;apos;, java.version: &amp;apos;1.8.0_261&amp;apos;
Driver info: org.openqa.selenium.chrome.ChromeDriver
Capabilities {acceptInsecureCerts: false, browserName: chrome, browserVersion: 85.0.4183.102, chrome: {chromedriverVersion: 85.0.4183.87 (cd6713ebf92fa..., userDataDir: C:\Users\Ananda\AppData\Loc...}, goog:chromeOptions: {debuggerAddress: localhost:49542}, javascriptEnabled: true, networkConnectionEnabled: false, pageLoadStrategy: normal, platform: WINDOWS, platformName: WINDOWS, proxy: Proxy(), setWindowRect: true, strictFileInteractability: false, timeouts: {implicit: 0, pageLoad: 300000, script: 30000}, unhandledPromptBehavior: dismiss and notify, webauthn:virtualAuthenticators: true}
Session ID: 94157d582dc8cc34233ed246dc599a02">
      <![CDATA[org.openqa.selenium.ElementNotInteractableException: element not interactable
  (Session info: chrome=85.0.4183.102)
Build info: version: '3.141.59', revision: 'e82be7d358', time: '2018-11-14T08:17:03'
System info: host: 'DESKTOP-H1I3MSV', ip: '192.168.100.5', os.name: 'Windows 10', os.arch: 'amd64', os.version: '10.0', java.version: '1.8.0_261'
Driver info: org.openqa.selenium.chrome.ChromeDriver
Capabilities {acceptInsecureCerts: false, browserName: chrome, browserVersion: 85.0.4183.102, chrome: {chromedriverVersion: 85.0.4183.87 (cd6713ebf92fa..., userDataDir: C:\Users\Ananda\AppData\Loc...}, goog:chromeOptions: {debuggerAddress: localhost:49542}, javascriptEnabled: true, networkConnectionEnabled: false, pageLoadStrategy: normal, platform: WINDOWS, platformName: WINDOWS, proxy: Proxy(), setWindowRect: true, strictFileInteractability: false, timeouts: {implicit: 0, pageLoad: 300000, script: 30000}, unhandledPromptBehavior: dismiss and notify, webauthn:virtualAuthenticators: true}
Session ID: 94157d582dc8cc34233ed246dc599a02
at org.openqa.selenium.remote.http.W3CHttpResponseCodec.createException(W3CHttpResponseCodec.java:187)
at org.openqa.selenium.remote.http.W3CHttpResponseCodec.decode(W3CHttpResponseCodec.java:122)
at org.openqa.selenium.remote.http.W3CHttpResponseCodec.decode(W3CHttpResponseCodec.java:49)
at org.openqa.selenium.remote.HttpCommandExecutor.execute(HttpCommandExecutor.java:158)
at org.openqa.selenium.remote.service.DriverCommandExecutor.execute(DriverCommandExecutor.java:83)
at org.openqa.selenium.remote.RemoteWebDriver.execute(RemoteWebDriver.java:552)
at org.openqa.selenium.remote.RemoteWebElement.execute(RemoteWebElement.java:285)
at org.openqa.selenium.remote.RemoteWebElement.click(RemoteWebElement.java:84)
at com.easemytrip.register.RegisterPage.register(RegisterPage.java:21)
at com.easemytrip.pomrunner.RegisterTest.registerTestInvalid(RegisterTest.java:88)
... Removed 29 stack frames]]>
    </failure>
  </testcase> <!-- registerTestInvalid -->
  <testcase name="registerTestInvalid" time="46.679" classname="com.easemytrip.pomrunner.RegisterTest"/>
  <testcase name="registerTestInvalid" time="104.448" classname="com.easemytrip.pomrunner.RegisterTest"/>
  <testcase name="registerTestInvalidPassword" time="0.0" classname="com.easemytrip.pomrunner.RegisterTest">
    <skipped/>
  </testcase> <!-- registerTestInvalidPassword -->
  <testcase name="registerAndLoginTestValid" time="0.008" classname="com.easemytrip.pomrunner.LoginRegistrationIntegration">
    <failure type="java.lang.NullPointerException">
      <![CDATA[java.lang.NullPointerException
at com.easemytrip.pomrunner.LoginRegistrationIntegration.registerAndLoginTestValid(LoginRegistrationIntegration.java:32)
... Removed 25 stack frames]]>
    </failure>
  </testcase> <!-- registerAndLoginTestValid -->
  <testcase name="LoginTest" time="0.0" classname="com.easemytrip.pomrunner.LoginPageTestInvalid">
    <skipped/>
  </testcase> <!-- LoginTest -->
  <testcase name="@AfterTest afterTest" time="0.0" classname="com.easemytrip.utils.Base">
    <ignored/>
  </testcase> <!-- @AfterTest afterTest -->
  <testcase name="LoginTestOtp" time="0.0" classname="com.easemytrip.pomrunner.LoginPageTest">
    <ignored/>
  </testcase> <!-- LoginTestOtp -->
  <testcase name="@AfterTest afterTest" time="0.0" classname="com.easemytrip.utils.Base">
    <ignored/>
  </testcase> <!-- @AfterTest afterTest -->
  <testcase name="@AfterTest afterTest" time="0.0" classname="com.easemytrip.utils.Base">
    <ignored/>
  </testcase> <!-- @AfterTest afterTest -->
  <testcase name="@AfterTest afterTest" time="0.0" classname="com.easemytrip.utils.Base">
    <ignored/>
  </testcase> <!-- @AfterTest afterTest -->
  <testcase name="@AfterTest afterTest" time="0.0" classname="com.easemytrip.utils.Base">
    <ignored/>
  </testcase> <!-- @AfterTest afterTest -->
  <testcase name="@AfterTest afterTest" time="0.0" classname="com.easemytrip.utils.Base">
    <ignored/>
  </testcase> <!-- @AfterTest afterTest -->
  <testcase name="@AfterTest afterTest" time="0.0" classname="com.easemytrip.utils.Base">
    <ignored/>
  </testcase> <!-- @AfterTest afterTest -->
  <testcase name="@AfterTest afterTest" time="0.0" classname="com.easemytrip.utils.Base">
    <ignored/>
  </testcase> <!-- @AfterTest afterTest -->
  <testcase name="@AfterTest afterTest" time="0.0" classname="com.easemytrip.utils.Base">
    <ignored/>
  </testcase> <!-- @AfterTest afterTest -->
  <testcase name="@AfterTest afterTest" time="0.0" classname="com.easemytrip.utils.Base">
    <ignored/>
  </testcase> <!-- @AfterTest afterTest -->
  <testcase name="LoginTest" time="0.0" classname="com.easemytrip.pomrunner.LoginPageTest">
    <ignored/>
  </testcase> <!-- LoginTest -->
  <testcase name="@BeforeTest beforeTest" time="0.0" classname="com.easemytrip.utils.Base">
    <ignored/>
  </testcase> <!-- @BeforeTest beforeTest -->
  <testcase name="@BeforeTest beforeTest" time="0.0" classname="com.easemytrip.utils.Base">
    <ignored/>
  </testcase> <!-- @BeforeTest beforeTest -->
  <testcase name="@BeforeTest beforeTest" time="0.0" classname="com.easemytrip.utils.Base">
    <ignored/>
  </testcase> <!-- @BeforeTest beforeTest -->
  <testcase name="@BeforeTest beforeTest" time="0.0" classname="com.easemytrip.utils.Base">
    <ignored/>
  </testcase> <!-- @BeforeTest beforeTest -->
  <testcase name="@BeforeTest beforeTest" time="0.0" classname="com.easemytrip.utils.Base">
    <ignored/>
  </testcase> <!-- @BeforeTest beforeTest -->
  <testcase name="@BeforeTest beforeTest" time="0.0" classname="com.easemytrip.utils.Base">
    <ignored/>
  </testcase> <!-- @BeforeTest beforeTest -->
  <testcase name="@BeforeTest beforeTest" time="0.0" classname="com.easemytrip.utils.Base">
    <ignored/>
  </testcase> <!-- @BeforeTest beforeTest -->
  <testcase name="@BeforeTest beforeTest" time="0.0" classname="com.easemytrip.utils.Base">
    <ignored/>
  </testcase> <!-- @BeforeTest beforeTest -->
  <testcase name="@BeforeTest beforeTest" time="0.0" classname="com.easemytrip.utils.Base">
    <ignored/>
  </testcase> <!-- @BeforeTest beforeTest -->
  <testcase name="@BeforeTest beforeTest" time="0.0" classname="com.easemytrip.utils.Base">
    <ignored/>
  </testcase> <!-- @BeforeTest beforeTest -->
  <testcase name="LoginTestfp" time="0.0" classname="com.easemytrip.pomrunner.LoginPageTestInvalid">
    <ignored/>
  </testcase> <!-- LoginTestfp -->
</testsuite> <!-- Test1 -->
