<?xml version="1.0" encoding="UTF-8"?>
<!-- Generated by org.testng.reporters.JUnitXMLReporter -->
<testsuite hostname="DESKTOP-H1I3MSV" ignored="0" name="Test4" tests="1" failures="1" timestamp="24 Sep 2020 12:46:43 GMT" time="10.414" errors="0">
  <testcase name="incompleteDetails" time="3.285" classname="com.easemytrip.pomrunner.TestRunner">
    <failure type="java.lang.AssertionError" message="expected [true] but found [false]">
      <![CDATA[java.lang.AssertionError: expected [true] but found [false]
at com.easemytrip.pomrunner.TestRunner.incompleteDetails(TestRunner.java:37)
... Removed 31 stack frames]]>
    </failure>
  </testcase> <!-- incompleteDetails -->
</testsuite> <!-- Test4 -->
