<?xml version="1.0" encoding="UTF-8"?>
<!-- Generated by org.testng.reporters.JUnitXMLReporter -->
<testsuite hostname="DESKTOP-H1I3MSV" ignored="0" name="Test11" tests="5" failures="5" timestamp="24 Sep 2020 12:56:18 GMT" time="138.323" errors="0">
  <testcase name="selectingTitle" time="36.236" classname="com.easemytrip.pomrunner.HotelTravDetailsPageRunner">
    <failure type="java.lang.AssertionError" message="Selecting traveller Title Failed">
      <![CDATA[java.lang.AssertionError: Selecting traveller Title Failed
at com.easemytrip.pomrunner.HotelTravDetailsPageRunner.selectingTitle(HotelTravDetailsPageRunner.java:28)
... Removed 25 stack frames]]>
    </failure>
  </testcase> <!-- selectingTitle -->
  <testcase name="enteringDetails" time="30.095" classname="com.easemytrip.pomrunner.HotelTravDetailsPageRunner">
    <failure type="java.lang.AssertionError" message="Entering travel details Failed">
      <![CDATA[java.lang.AssertionError: Entering travel details Failed
at com.easemytrip.pomrunner.HotelTravDetailsPageRunner.enteringDetails(HotelTravDetailsPageRunner.java:56)
... Removed 25 stack frames]]>
    </failure>
  </testcase> <!-- enteringDetails -->
  <testcase name="enteringDetails" time="30.053" classname="com.easemytrip.pomrunner.HotelTravDetailsPageRunner">
    <failure type="java.lang.AssertionError" message="Entering travel details Failed">
      <![CDATA[java.lang.AssertionError: Entering travel details Failed
at com.easemytrip.pomrunner.HotelTravDetailsPageRunner.enteringDetails(HotelTravDetailsPageRunner.java:56)
... Removed 25 stack frames]]>
    </failure>
  </testcase> <!-- enteringDetails -->
  <testcase name="checkTc" time="0.077" classname="com.easemytrip.pomrunner.HotelTravDetailsPageRunner">
    <failure type="java.lang.AssertionError" message="expected [false] but found [true]">
      <![CDATA[java.lang.AssertionError: expected [false] but found [true]
at com.easemytrip.pomrunner.HotelTravDetailsPageRunner.checkTc(HotelTravDetailsPageRunner.java:66)
... Removed 31 stack frames]]>
    </failure>
  </testcase> <!-- checkTc -->
  <testcase name="clickPayment" time="30.147" classname="com.easemytrip.pomrunner.HotelTravDetailsPageRunner">
    <failure type="java.lang.AssertionError" message="Clicking payment button Test Failed">
      <![CDATA[java.lang.AssertionError: Clicking payment button Test Failed
at com.easemytrip.pomrunner.HotelTravDetailsPageRunner.clickPayment(HotelTravDetailsPageRunner.java:80)
... Removed 25 stack frames]]>
    </failure>
  </testcase> <!-- clickPayment -->
</testsuite> <!-- Test11 -->
